d:\code\mafiawork\game\x64\debug\vc142.pdb
d:\code\mafiawork\game\x64\debug\vc142.idb
d:\code\mafiawork\game\x64\debug\sys_win.nativecodeanalysis.sarif
d:\code\mafiawork\game\x64\debug\sys_win.nativecodeanalysis.xml
d:\code\mafiawork\game\x64\debug\utils.nativecodeanalysis.sarif
d:\code\mafiawork\game\x64\debug\utils.nativecodeanalysis.xml
d:\code\mafiawork\game\x64\debug\rwstream.nativecodeanalysis.sarif
d:\code\mafiawork\game\x64\debug\rwstream.nativecodeanalysis.xml
d:\code\mafiawork\game\x64\debug\gfx.nativecodeanalysis.sarif
d:\code\mafiawork\game\x64\debug\gfx.nativecodeanalysis.xml
d:\code\mafiawork\game\x64\debug\game.nativecodeanalysis.sarif
d:\code\mafiawork\game\x64\debug\game.nativecodeanalysis.xml
d:\code\mafiawork\game\x64\debug\entity.nativecodeanalysis.sarif
d:\code\mafiawork\game\x64\debug\entity.nativecodeanalysis.xml
d:\code\mafiawork\game\x64\debug\exmath.nativecodeanalysis.sarif
d:\code\mafiawork\game\x64\debug\exmath.nativecodeanalysis.xml
d:\code\mafiawork\game\x64\debug\audio_win.nativecodeanalysis.sarif
d:\code\mafiawork\game\x64\debug\audio_win.nativecodeanalysis.xml
d:\code\mafiawork\game\x64\debug\audio_win.obj
d:\code\mafiawork\game\x64\debug\exmath.obj
d:\code\mafiawork\game\x64\debug\entity.obj
d:\code\mafiawork\game\x64\debug\game.obj
d:\code\mafiawork\game\x64\debug\gfx.obj
d:\code\mafiawork\game\x64\debug\rwstream.obj
d:\code\mafiawork\game\x64\debug\utils.obj
d:\code\mafiawork\game\x64\debug\sys_win.obj
d:\code\mafiawork\game\x64\debug\game.ilk
d:\code\mafiawork\x64\debug\game.exe
d:\code\mafiawork\x64\debug\game.pdb
d:\code\mafiawork\game\x64\debug\vc.nativecodeanalysis.all.xml
d:\code\mafiawork\game\x64\debug\game.tlog\cl.command.1.tlog
d:\code\mafiawork\game\x64\debug\game.tlog\cl.read.1.tlog
d:\code\mafiawork\game\x64\debug\game.tlog\cl.write.1.tlog
d:\code\mafiawork\game\x64\debug\game.tlog\link.command.1.tlog
d:\code\mafiawork\game\x64\debug\game.tlog\link.read.1.tlog
d:\code\mafiawork\game\x64\debug\game.tlog\link.write.1.tlog
