d:\code\reng\game\debug\vc142.pdb
d:\code\reng\game\debug\vc142.idb
d:\code\reng\game\debug\win_core.obj
d:\code\reng\game\debug\utils.obj
d:\code\reng\game\debug\entity.obj
d:\code\reng\game\debug\rwstream.obj
d:\code\reng\game\debug\gfx.obj
d:\code\reng\game\debug\game.obj
d:\code\reng\game\debug\dcmath.obj
d:\code\creng\game\debug\vc142.pdb
d:\code\creng\game\debug\vc142.idb
d:\code\creng\game\debug\utils.obj
d:\code\creng\game\debug\rwstream.obj
d:\code\creng\game\debug\exmath.obj
d:\code\creng\game\debug\win_core.obj
d:\code\creng\game\debug\gfx.obj
d:\code\creng\game\debug\game.obj
d:\code\creng\game\debug\entity.obj
d:\code\reng\debug\game.exe
d:\code\reng\game\debug\game.ilk
d:\code\reng\debug\game.pdb
d:\code\creng\game\debug\dcmath.obj
d:\code\creng\debug\game.pdb
d:\code\creng\game\debug\game.tlog\cl.command.1.tlog
d:\code\creng\game\debug\game.tlog\cl.read.1.tlog
d:\code\creng\game\debug\game.tlog\cl.write.1.tlog
d:\code\creng\game\debug\game.tlog\link-cvtres.read.1.tlog
d:\code\creng\game\debug\game.tlog\link-cvtres.write.1.tlog
d:\code\creng\game\debug\game.tlog\link-rc.read.1.tlog
d:\code\creng\game\debug\game.tlog\link-rc.write.1.tlog
d:\code\creng\game\debug\game.tlog\link.command.1.tlog
d:\code\creng\game\debug\game.tlog\link.read.1.tlog
d:\code\creng\game\debug\game.tlog\link.write.1.tlog
